<?xml version="1.0" encoding="UTF-8"?>
<!-- Generated by org.testng.reporters.JUnitXMLReporter -->
<testsuite hostname="DESKTOP-JMT0A86" ignored="0" name="Default test" tests="11" failures="0" timestamp="2021-04-20T16:58:34 IST" time="155.202" errors="0">
  <testcase name="SetUrl" time="14.198" classname="Hackathon.CalculateTripCost"/>
  <testcase name="SearchDestination" time="22.905" classname="Hackathon.CalculateTripCost"/>
  <testcase name="ClickHolidayHomesButton" time="32.68" classname="Hackathon.CalculateTripCost"/>
  <testcase name="SetDate" time="4.955" classname="Hackathon.CalculateTripCost"/>
  <testcase name="NoOfGuests" time="2.097" classname="Hackathon.CalculateTripCost"/>
  <testcase name="RatingSort" time="7.397" classname="Hackathon.CalculateTripCost"/>
  <testcase name="LiftAccess" time="3.462" classname="Hackathon.CalculateTripCost"/>
  <testcase name="HotelDetails" time="4.237" classname="Hackathon.CalculateTripCost"/>
  <testcase name="GetHotelScreenShots" time="35.4" classname="Hackathon.CalculateTripCost"/>
  <testcase name="SetCruises" time="16.154" classname="Hackathon.CalculateTripCost"/>
  <testcase name="GetCruiseDetails" time="11.579" classname="Hackathon.CalculateTripCost"/>
</testsuite> <!-- Default test -->
