<?xml version="1.0" encoding="UTF-8"?>
<!-- Generated by org.testng.reporters.JUnitXMLReporter -->
<testsuite hostname="DESKTOP-JMT0A86" ignored="0" name="Default test" tests="11" failures="0" timestamp="20 Apr 2021 11:23:18 GMT" time="166.308" errors="0">
  <testcase name="SetUrl" time="12.088" classname="Hackathon.CalculateTripCost"/>
  <testcase name="SearchDestination" time="21.338" classname="Hackathon.CalculateTripCost"/>
  <testcase name="ClickHolidayHomesButton" time="27.363" classname="Hackathon.CalculateTripCost"/>
  <testcase name="SetDate" time="11.878" classname="Hackathon.CalculateTripCost"/>
  <testcase name="NoOfGuests" time="2.065" classname="Hackathon.CalculateTripCost"/>
  <testcase name="RatingSort" time="6.306" classname="Hackathon.CalculateTripCost"/>
  <testcase name="LiftAccess" time="3.137" classname="Hackathon.CalculateTripCost"/>
  <testcase name="HotelDetails" time="10.741" classname="Hackathon.CalculateTripCost"/>
  <testcase name="GetHotelScreenShots" time="42.85" classname="Hackathon.CalculateTripCost"/>
  <testcase name="SetCruises" time="14.827" classname="Hackathon.CalculateTripCost"/>
  <testcase name="GetCruiseDetails" time="13.638" classname="Hackathon.CalculateTripCost"/>
</testsuite> <!-- Default test -->
